*********************************************************************
* LD Score Regression (LDSC)
* Version 1.0.1
* (C) 2014-2019 Brendan Bulik-Sullivan and Hilary Finucane
* Broad Institute of MIT and Harvard / MIT Department of Mathematics
* GNU General Public License v3
*********************************************************************
Call: 
./ldsc.py \
--ref-ld-chr resources/ldsc/eur_w_ld_chr/ \
--intercept-h2 1,1 \
--out results/ldsc/simgwas/400_reps/randomised/chr1/10000_10000_10000_10000/s50_s50_s0/rg/fixed_h2_free_rg_intercept/seed_1_tags_1-2 \
--rg results/simgwas/simulated_sum_stats/munged_sum_stats/400_reps/randomised/chr1/10000_10000_10000_10000/s50_s50_s0/seed_1_A_1_of_1-2.tsv.sumstats.gz,results/simgwas/simulated_sum_stats/munged_sum_stats/400_reps/randomised/chr1/10000_10000_10000_10000/s50_s50_s0/seed_1_B_2_of_1-2.tsv.sumstats.gz \
--pop-prev 0.02,0.02 \
--samp-prev 0.5,0.5 \
--M 673682 \
--w-ld-chr resources/ldsc/eur_w_ld_chr/ 

Beginning analysis at Sat Mar  4 21:44:34 2023
Reading summary statistics from results/simgwas/simulated_sum_stats/munged_sum_stats/400_reps/randomised/chr1/10000_10000_10000_10000/s50_s50_s0/seed_1_A_1_of_1-2.tsv.sumstats.gz ...
Read summary statistics for 501254 SNPs.
Reading reference panel LD Score from resources/ldsc/eur_w_ld_chr/[1-22] ... (ldscore_fromlist)
Read reference panel LD Scores for 1290028 SNPs.
Removing partitioned LD Scores with zero variance.
Reading regression weight LD Score from resources/ldsc/eur_w_ld_chr/[1-22] ... (ldscore_fromlist)
Read regression weight LD Scores for 1290028 SNPs.
After merging with reference panel LD, 89800 SNPs remain.
After merging with regression SNP LD, 89800 SNPs remain.
Computing rg for phenotype 2/2
Reading summary statistics from results/simgwas/simulated_sum_stats/munged_sum_stats/400_reps/randomised/chr1/10000_10000_10000_10000/s50_s50_s0/seed_1_B_2_of_1-2.tsv.sumstats.gz ...
Read summary statistics for 501254 SNPs.
After merging with summary statistics, 89800 SNPs remain.
89800 SNPs with valid alleles.
WARNING: number of SNPs less than 200k; this is almost always bad.

Heritability of phenotype 1
---------------------------
Total Liability scale h2: -0.0051 (0.0178)
Lambda GC: 0.9927
Mean Chi^2: 0.9945
Intercept: constrained to 1.

Heritability of phenotype 2/2
-----------------------------
Total Liability scale h2: 0.004 (0.0198)
Lambda GC: 1.0075
Mean Chi^2: 1.0043
Intercept: constrained to 1.

Genetic Covariance
------------------
Total Liability scale gencov: 0.017 (0.018)
Mean z1*z2: 0.0028
Intercept: -0.0154 (0.0147)

Genetic Correlation
-------------------
Genetic Correlation: nan (nan) (h2  out of bounds) 
Z-score: nan (nan) (h2  out of bounds)
P: nan (nan) (h2  out of bounds)
WARNING: One of the h2's was out of bounds.
This usually indicates a data-munging error or that h2 or N is low.


Summary of Genetic Correlation Results
p1                                                                                                                                                  p2  rg  se   z   p  h2_liab  h2_liab_se  h2_int h2_int_se  gcov_int  gcov_int_se
results/simgwas/simulated_sum_stats/munged_sum_stats/400_reps/randomised/chr1/10000_10000_10000_10000/s50_s50_s0/seed_1_A_1_of_1-2.tsv.sumstats.gz  results/simgwas/simulated_sum_stats/munged_sum_stats/400_reps/randomised/chr1/10000_10000_10000_10000/s50_s50_s0/seed_1_B_2_of_1-2.tsv.sumstats.gz  NA  NA  NA  NA    0.004      0.0198     1.0        NA   -0.0154       0.0147

Analysis finished at Sat Mar  4 21:44:44 2023
Total time elapsed: 10.58s
